
2018-10-04 05:01:03...installerHook: Info: custom/install/install_hooks.php not present, no custom hooks to execute
2018-10-04 05:03:53...Begin System Check Process *************
2018-10-04 05:03:53...XML Parsing Support Found
2018-10-04 05:03:53...MBString Support Found
2018-10-04 05:03:53...ZIP Support Found
2018-10-04 05:03:53.../custom directory and subdirectory check passed
2018-10-04 05:03:53...cache directory and subdirectory check passed
2018-10-04 05:03:57.../module  directory and subdirectory check passed
2018-10-04 05:03:57.../upload directory check passed
2018-10-04 05:03:57.../zip check passed
2018-10-04 05:03:57...PCRE version check passed
2018-10-04 05:03:57...installerHook: Info: custom/install/install_hooks.php not present, no custom hooks to execute
2018-10-04 05:03:57...php.ini location found. C:\xampp\php\php.ini
2018-10-04 05:03:57...Outputting HTML for System check
2018-10-04 05:03:57...No Errors were found *************
2018-10-04 05:03:57...installerHook: Info: custom/install/install_hooks.php not present, no custom hooks to execute
2018-10-04 05:06:54...installerHook: Info: custom/install/install_hooks.php not present, no custom hooks to execute
2018-10-04 05:06:59...installerHook: Info: custom/install/install_hooks.php not present, no custom hooks to execute
2018-10-04 05:08:14...installerHook: Info: custom/install/install_hooks.php not present, no custom hooks to execute
2018-10-04 05:08:18...Begin System Check Process *************
2018-10-04 05:08:18...XML Parsing Support Found
2018-10-04 05:08:18...MBString Support Found
2018-10-04 05:08:18...ZIP Support Found
2018-10-04 05:08:18.../custom directory and subdirectory check passed
2018-10-04 05:08:18...cache directory and subdirectory check passed
2018-10-04 05:08:19.../module  directory and subdirectory check passed
2018-10-04 05:08:19.../upload directory check passed
2018-10-04 05:08:19.../zip check passed
2018-10-04 05:08:19...PCRE version check passed
2018-10-04 05:08:19...installerHook: Info: custom/install/install_hooks.php not present, no custom hooks to execute
2018-10-04 05:08:19...php.ini location found. C:\xampp\php\php.ini
2018-10-04 05:08:19...Outputting HTML for System check
2018-10-04 05:08:19...No Errors were found *************
2018-10-04 05:08:20...installerHook: Info: custom/install/install_hooks.php not present, no custom hooks to execute
2018-10-04 05:08:23...installerHook: Info: custom/install/install_hooks.php not present, no custom hooks to execute
2018-10-04 05:08:27...installerHook: Info: custom/install/install_hooks.php not present, no custom hooks to execute
2018-10-04 05:12:12...installerHook: Info: custom/install/install_hooks.php not present, no custom hooks to execute
2018-10-04 05:19:15...installerHook: Info: custom/install/install_hooks.php not present, no custom hooks to execute
2018-10-05 04:29:08...Begin DB Check Process *************
2018-10-05 04:29:08...testing with mysql:mysqli
2018-10-05 04:29:08...Basic form info is valid, continuing Process.
2018-10-05 04:29:08...Testing user account...
2018-10-05 04:29:08...Connection made using  host: localhost, usr: suitecrm-owner
2018-10-05 04:29:08...SUCCESS:: no errors detected!
2018-10-05 04:29:08...End DB Check Process *************
2018-10-05 04:29:08...installerHook: Info: custom/install/install_hooks.php not present, no custom hooks to execute
2018-10-05 04:29:08...calling handleSugarConfig()
2018-10-05 04:29:08...calling handleHtaccess()
2018-10-05 04:29:08...calling handleDbCreateDatabase()
2018-10-05 04:29:10...looping through all the Beans and create their tables
2018-10-05 04:29:11...processing table acl_actions
2018-10-05 04:29:11...creating table acl_actions
2018-10-05 04:29:11...creating Relationship Meta for ACLAction
2018-10-05 04:29:11...processing table acl_roles
2018-10-05 04:29:11...creating table acl_roles
2018-10-05 04:29:11...creating Relationship Meta for ACLRole
2018-10-05 04:29:11...processing table relationships
2018-10-05 04:29:11...creating table relationships
2018-10-05 04:29:11...creating Relationship Meta for Relationship
2018-10-05 04:29:12...processing table leads
2018-10-05 04:29:13...creating table leads
2018-10-05 04:29:13...creating Relationship Meta for Lead
2018-10-05 04:29:14...processing table cases
2018-10-05 04:29:15...creating table cases
2018-10-05 04:29:15...creating Relationship Meta for Case
2018-10-05 04:29:16...processing table bugs
2018-10-05 04:29:17...creating table bugs
2018-10-05 04:29:17...creating Relationship Meta for Bug
2018-10-05 04:29:17...processing table users
2018-10-05 04:29:19...creating table users
2018-10-05 04:29:19...creating Relationship Meta for User
2018-10-05 04:29:19...processing table campaign_log
2018-10-05 04:29:19...creating table campaign_log
2018-10-05 04:29:19...creating Relationship Meta for CampaignLog
2018-10-05 04:29:19...processing table project
2018-10-05 04:29:20...creating table project
2018-10-05 04:29:20...creating Relationship Meta for Project
2018-10-05 04:29:20...processing table project_task
2018-10-05 04:29:21...creating table project_task
2018-10-05 04:29:21...creating Relationship Meta for ProjectTask
2018-10-05 04:29:22...processing table campaigns
2018-10-05 04:29:23...creating table campaigns
2018-10-05 04:29:23...creating Relationship Meta for Campaign
2018-10-05 04:29:24...processing table prospect_lists
2018-10-05 04:29:24...creating table prospect_lists
2018-10-05 04:29:24...creating Relationship Meta for ProspectList
2018-10-05 04:29:25...processing table prospects
2018-10-05 04:29:26...creating table prospects
2018-10-05 04:29:26...creating Relationship Meta for Prospect
2018-10-05 04:29:27...processing table email_marketing
2018-10-05 04:29:27...creating table email_marketing
2018-10-05 04:29:27...creating Relationship Meta for EmailMarketing
2018-10-05 04:29:27...processing table campaign_trkrs
2018-10-05 04:29:28...creating table campaign_trkrs
2018-10-05 04:29:28...creating Relationship Meta for CampaignTracker
2018-10-05 04:29:28...processing table releases
2018-10-05 04:29:28...creating table releases
2018-10-05 04:29:28...creating Relationship Meta for Release
2018-10-05 04:29:28...processing table emailman
2018-10-05 04:29:29...creating table emailman
2018-10-05 04:29:29...creating Relationship Meta for EmailMan
2018-10-05 04:29:29...processing table schedulers
2018-10-05 04:29:29...creating table schedulers
2018-10-05 04:29:29...creating Relationship Meta for Scheduler
2018-10-05 04:29:30...processing table job_queue
2018-10-05 04:29:30...creating table job_queue
2018-10-05 04:29:30...creating Relationship Meta for SchedulersJob
2018-10-05 04:29:30...processing table contacts
2018-10-05 04:29:31...creating table contacts
2018-10-05 04:29:31...creating Relationship Meta for Contact
2018-10-05 04:29:33...processing table accounts
2018-10-05 04:29:34...creating table accounts
2018-10-05 04:29:34...creating Relationship Meta for Account
2018-10-05 04:29:35...processing table opportunities
2018-10-05 04:29:36...creating table opportunities
2018-10-05 04:29:36...creating Relationship Meta for Opportunity
2018-10-05 04:29:36...processing table email_templates
2018-10-05 04:29:37...creating table email_templates
2018-10-05 04:29:37...creating Relationship Meta for EmailTemplate
2018-10-05 04:29:37...processing table notes
2018-10-05 04:29:39...creating table notes
2018-10-05 04:29:39...creating Relationship Meta for Note
2018-10-05 04:29:39...processing table calls
2018-10-05 04:29:40...creating table calls
2018-10-05 04:29:40...creating Relationship Meta for Call
2018-10-05 04:29:41...processing table emails
2018-10-05 04:29:42...creating table emails
2018-10-05 04:29:42...creating Relationship Meta for Email
2018-10-05 04:29:42...processing table meetings
2018-10-05 04:29:43...creating table meetings
2018-10-05 04:29:43...creating Relationship Meta for Meeting
2018-10-05 04:29:44...processing table tasks
2018-10-05 04:29:46...creating table tasks
2018-10-05 04:29:46...creating Relationship Meta for Task
2018-10-05 04:29:46...processing table users
2018-10-05 04:29:46...processing table users
2018-10-05 04:29:46...processing table currencies
2018-10-05 04:29:47...creating table currencies
2018-10-05 04:29:47...creating Relationship Meta for Currency
2018-10-05 04:29:47...processing table tracker
2018-10-05 04:29:47...creating table tracker
2018-10-05 04:29:47...creating Relationship Meta for Tracker
2018-10-05 04:29:47...processing table import_maps
2018-10-05 04:29:47...creating table import_maps
2018-10-05 04:29:47...creating Relationship Meta for ImportMap
2018-10-05 04:29:47...processing table users_last_import
2018-10-05 04:29:48...creating table users_last_import
2018-10-05 04:29:48...creating Relationship Meta for UsersLastImport
2018-10-05 04:29:48...processing table config
2018-10-05 04:29:48...creating table config
2018-10-05 04:29:48...creating Relationship Meta for Administration
2018-10-05 04:29:48...processing table upgrade_history
2018-10-05 04:29:48...creating table upgrade_history
2018-10-05 04:29:48...creating Relationship Meta for UpgradeHistory
2018-10-05 04:29:48...processing table vcals
2018-10-05 04:29:48...creating table vcals
2018-10-05 04:29:48...creating Relationship Meta for vCal
2018-10-05 04:29:48...processing table alerts
2018-10-05 04:29:49...creating table alerts
2018-10-05 04:29:49...creating Relationship Meta for Alert
2018-10-05 04:29:49...processing table roles
2018-10-05 04:29:49...creating table roles
2018-10-05 04:29:49...creating Relationship Meta for Role
2018-10-05 04:29:50...processing table documents
2018-10-05 04:29:51...creating table documents
2018-10-05 04:29:51...creating Relationship Meta for Document
2018-10-05 04:29:51...processing table document_revisions
2018-10-05 04:29:52...creating table document_revisions
2018-10-05 04:29:52...creating Relationship Meta for DocumentRevision
2018-10-05 04:29:52...processing table fields_meta_data
2018-10-05 04:29:52...creating table fields_meta_data
2018-10-05 04:29:52...creating Relationship Meta for FieldsMetaData
2018-10-05 04:29:52...processing table inbound_email
2018-10-05 04:29:53...creating table inbound_email
2018-10-05 04:29:53...creating Relationship Meta for InboundEmail
2018-10-05 04:29:53...processing table saved_search
2018-10-05 04:29:53...creating table saved_search
2018-10-05 04:29:53...creating Relationship Meta for SavedSearch
2018-10-05 04:29:53...processing table user_preferences
2018-10-05 04:29:54...creating table user_preferences
2018-10-05 04:29:54...creating Relationship Meta for UserPreference
2018-10-05 04:29:54...processing table 
2018-10-05 04:29:54...processing table email_addresses
2018-10-05 04:29:54...creating table email_addresses
2018-10-05 04:29:54...creating Relationship Meta for EmailAddress
2018-10-05 04:29:54...processing table emails_text
2018-10-05 04:29:54...creating table emails_text
2018-10-05 04:29:54...creating Relationship Meta for EmailText
2018-10-05 04:29:55...processing table spots
2018-10-05 04:29:56...creating table spots
2018-10-05 04:29:56...creating Relationship Meta for Spots
2018-10-05 04:29:56...processing table aobh_businesshours
2018-10-05 04:29:56...creating table aobh_businesshours
2018-10-05 04:29:56...creating Relationship Meta for AOBH_BusinessHours
2018-10-05 04:29:57...processing table sugarfeed
2018-10-05 04:29:57...creating table sugarfeed
2018-10-05 04:29:57...creating Relationship Meta for SugarFeed
2018-10-05 04:29:58...processing table eapm
2018-10-05 04:29:59...creating table eapm
2018-10-05 04:29:59...creating Relationship Meta for EAPM
2018-10-05 04:30:00...processing table oauth_consumer
2018-10-05 04:30:00...creating table oauth_consumer
2018-10-05 04:30:00...creating Relationship Meta for OAuthKey
2018-10-05 04:30:00...processing table oauth_tokens
2018-10-05 04:30:01...creating table oauth_tokens
2018-10-05 04:30:01...creating Relationship Meta for OAuthToken
2018-10-05 04:30:01...processing table am_projecttemplates
2018-10-05 04:30:04...creating table am_projecttemplates
2018-10-05 04:30:04...creating Relationship Meta for AM_ProjectTemplates
2018-10-05 04:30:05...processing table am_tasktemplates
2018-10-05 04:30:06...creating table am_tasktemplates
2018-10-05 04:30:06...creating Relationship Meta for AM_TaskTemplates
2018-10-05 04:30:07...processing table favorites
2018-10-05 04:30:07...creating table favorites
2018-10-05 04:30:07...creating Relationship Meta for Favorites
2018-10-05 04:30:07...processing table aok_knowledge_base_categories
2018-10-05 04:30:10...creating table aok_knowledge_base_categories
2018-10-05 04:30:10...creating Relationship Meta for AOK_Knowledge_Base_Categories
2018-10-05 04:30:10...processing table aok_knowledgebase
2018-10-05 04:30:12...creating table aok_knowledgebase
2018-10-05 04:30:12...creating Relationship Meta for AOK_KnowledgeBase
2018-10-05 04:30:13...processing table reminders
2018-10-05 04:30:14...creating table reminders
2018-10-05 04:30:14...creating Relationship Meta for Reminder
2018-10-05 04:30:14...processing table reminders_invitees
2018-10-05 04:30:15...creating table reminders_invitees
2018-10-05 04:30:15...creating Relationship Meta for Reminder_Invitee
2018-10-05 04:30:15...processing table fp_events
2018-10-05 04:30:17...creating table fp_events
2018-10-05 04:30:17...creating Relationship Meta for FP_events
2018-10-05 04:30:18...processing table fp_event_locations
2018-10-05 04:30:20...creating table fp_event_locations
2018-10-05 04:30:20...creating Relationship Meta for FP_Event_Locations
2018-10-05 04:30:21...processing table aod_indexevent
2018-10-05 04:30:23...creating table aod_indexevent
2018-10-05 04:30:23...creating Relationship Meta for AOD_IndexEvent
2018-10-05 04:30:23...processing table aod_index
2018-10-05 04:30:25...creating table aod_index
2018-10-05 04:30:25...creating Relationship Meta for AOD_Index
2018-10-05 04:30:25...processing table aop_case_events
2018-10-05 04:30:29...creating table aop_case_events
2018-10-05 04:30:29...creating Relationship Meta for AOP_Case_Events
2018-10-05 04:30:29...processing table aop_case_updates
2018-10-05 04:30:31...creating table aop_case_updates
2018-10-05 04:30:31...creating Relationship Meta for AOP_Case_Updates
2018-10-05 04:30:31...processing table aor_reports
2018-10-05 04:30:32...creating table aor_reports
2018-10-05 04:30:32...creating Relationship Meta for AOR_Report
2018-10-05 04:30:33...processing table aor_fields
2018-10-05 04:30:34...creating table aor_fields
2018-10-05 04:30:34...creating Relationship Meta for AOR_Field
2018-10-05 04:30:34...processing table aor_charts
2018-10-05 04:30:34...creating table aor_charts
2018-10-05 04:30:34...creating Relationship Meta for AOR_Chart
2018-10-05 04:30:35...processing table aor_conditions
2018-10-05 04:30:35...creating table aor_conditions
2018-10-05 04:30:35...creating Relationship Meta for AOR_Condition
2018-10-05 04:30:35...processing table aor_scheduled_reports
2018-10-05 04:30:37...creating table aor_scheduled_reports
2018-10-05 04:30:37...creating Relationship Meta for AOR_Scheduled_Reports
2018-10-05 04:30:37...processing table aos_contracts
2018-10-05 04:30:40...creating table aos_contracts
2018-10-05 04:30:40...creating Relationship Meta for AOS_Contracts
2018-10-05 04:30:40...processing table aos_invoices
2018-10-05 04:30:42...creating table aos_invoices
2018-10-05 04:30:42...creating Relationship Meta for AOS_Invoices
2018-10-05 04:30:43...processing table aos_pdf_templates
2018-10-05 04:30:45...creating table aos_pdf_templates
2018-10-05 04:30:45...creating Relationship Meta for AOS_PDF_Templates
2018-10-05 04:30:45...processing table aos_product_categories
2018-10-05 04:30:47...creating table aos_product_categories
2018-10-05 04:30:47...creating Relationship Meta for AOS_Product_Categories
2018-10-05 04:30:48...processing table aos_products
2018-10-05 04:30:49...creating table aos_products
2018-10-05 04:30:49...creating Relationship Meta for AOS_Products
2018-10-05 04:30:50...processing table aos_products_quotes
2018-10-05 04:30:50...creating table aos_products_quotes
2018-10-05 04:30:50...creating Relationship Meta for AOS_Products_Quotes
2018-10-05 04:30:50...processing table aos_line_item_groups
2018-10-05 04:30:51...creating table aos_line_item_groups
2018-10-05 04:30:51...creating Relationship Meta for AOS_Line_Item_Groups
2018-10-05 04:30:51...processing table aos_quotes
2018-10-05 04:30:53...creating table aos_quotes
2018-10-05 04:30:53...creating Relationship Meta for AOS_Quotes
2018-10-05 04:30:54...processing table aow_actions
2018-10-05 04:30:55...creating table aow_actions
2018-10-05 04:30:55...creating Relationship Meta for AOW_Action
2018-10-05 04:30:55...processing table aow_workflow
2018-10-05 04:30:58...creating table aow_workflow
2018-10-05 04:30:58...creating Relationship Meta for AOW_WorkFlow
2018-10-05 04:30:58...processing table aow_processed
2018-10-05 04:31:00...creating table aow_processed
2018-10-05 04:31:00...creating Relationship Meta for AOW_Processed
2018-10-05 04:31:01...processing table aow_conditions
2018-10-05 04:31:01...creating table aow_conditions
2018-10-05 04:31:01...creating Relationship Meta for AOW_Condition
2018-10-05 04:31:02...processing table jjwg_maps
2018-10-05 04:31:04...creating table jjwg_maps
2018-10-05 04:31:04...creating Relationship Meta for jjwg_Maps
2018-10-05 04:31:05...processing table jjwg_markers
2018-10-05 04:31:07...creating table jjwg_markers
2018-10-05 04:31:07...creating Relationship Meta for jjwg_Markers
2018-10-05 04:31:08...processing table jjwg_areas
2018-10-05 04:31:10...creating table jjwg_areas
2018-10-05 04:31:10...creating Relationship Meta for jjwg_Areas
2018-10-05 04:31:10...processing table jjwg_address_cache
2018-10-05 04:31:11...creating table jjwg_address_cache
2018-10-05 04:31:11...creating Relationship Meta for jjwg_Address_Cache
2018-10-05 04:31:12...processing table calls_reschedule
2018-10-05 04:31:14...creating table calls_reschedule
2018-10-05 04:31:14...creating Relationship Meta for Calls_Reschedule
2018-10-05 04:31:14...processing table securitygroups
2018-10-05 04:31:16...creating table securitygroups
2018-10-05 04:31:16...creating Relationship Meta for SecurityGroup
2018-10-05 04:31:16...processing table outbound_email
2018-10-05 04:31:18...creating table outbound_email
2018-10-05 04:31:18...creating Relationship Meta for OutboundEmailAccounts
2018-10-05 04:31:19...processing table templatesectionline
2018-10-05 04:31:20...creating table templatesectionline
2018-10-05 04:31:20...creating Relationship Meta for TemplateSectionLine
2018-10-05 04:31:20...processing table oauth2tokens
2018-10-05 04:31:21...creating table oauth2tokens
2018-10-05 04:31:21...creating Relationship Meta for OAuth2Tokens
2018-10-05 04:31:21...processing table oauth2clients
2018-10-05 04:31:22...creating table oauth2clients
2018-10-05 04:31:22...creating Relationship Meta for OAuth2Clients
2018-10-05 04:31:22...processing table surveyresponses
2018-10-05 04:31:24...creating table surveyresponses
2018-10-05 04:31:24...creating Relationship Meta for SurveyResponses
2018-10-05 04:31:25...processing table surveys
2018-10-05 04:31:28...creating table surveys
2018-10-05 04:31:28...creating Relationship Meta for Surveys
2018-10-05 04:31:28...processing table surveyquestionresponses
2018-10-05 04:31:31...creating table surveyquestionresponses
2018-10-05 04:31:31...creating Relationship Meta for SurveyQuestionResponses
2018-10-05 04:31:31...processing table surveyquestions
2018-10-05 04:31:33...creating table surveyquestions
2018-10-05 04:31:33...creating Relationship Meta for SurveyQuestions
2018-10-05 04:31:33...processing table surveyquestionoptions
2018-10-05 04:31:35...creating table surveyquestionoptions
2018-10-05 04:31:35...creating Relationship Meta for SurveyQuestionOptions
2018-10-05 04:32:24...Begin creating Defaults
2018-10-05 04:32:24...insert defaults into config table
2018-10-05 04:32:24...Creating default users
2018-10-05 04:32:25...Creating default scheduler jobs
2018-10-05 04:32:27...Enable SugarFeeds
2018-10-05 04:32:28...Installation has completed *********
2018-10-05 04:33:57...populating the db with seed data
2018-10-05 04:43:09...Save configuration settings..
2018-10-05 04:43:09...save locale
2018-10-05 04:43:09...new Administration
2018-10-05 04:43:09...retrieveSettings
2018-10-05 04:43:09...AdminWizard OFF
2018-10-05 04:43:10...saveConfig
2018-10-05 04:43:10...new Configurator
2018-10-05 04:43:10...populateFromPost
2018-10-05 04:43:10...handleOverride
2018-10-05 04:43:10...addCronAllowedUser
2018-10-05 04:43:11...saveConfig
2018-10-05 04:43:11...new Currency
2018-10-05 04:43:11...retrieve
2018-10-05 04:43:11...DBG: save currency
2018-10-05 04:43:11...Save user settings..
2018-10-05 04:43:11...DBG: SugarThemeRegistry::getDefault
2018-10-05 04:43:11...DBG: require modules/Users/Save.php